2021-10-27 13:42:20.997  INFO 13280 --- [restartedMain] c.c.c.ConfigServicePropertySourceLocator : Fetching config from server at : http://localhost:8888
2021-10-27 13:42:22.065  INFO 13280 --- [restartedMain] c.c.c.ConfigServicePropertySourceLocator : Located environment: name=exam-service, profiles=[default], label=null, version=66f77752a8fe21881c2712fc750f36b75ff50274, state=null
2021-10-27 13:42:22.068  INFO 13280 --- [restartedMain] b.c.PropertySourceBootstrapConfiguration : Located property source: [BootstrapPropertySource {name='bootstrapProperties-configClient'}, BootstrapPropertySource {name='bootstrapProperties-https://github.com/zuhaibahmed444/examConfigServer/file:C:\Users\Zuhaib\AppData\Local\Temp\config-repo-11787560611101446591\exam-service.properties'}]
2021-10-27 13:42:22.115  INFO 13280 --- [restartedMain] c.z.e.ExamPortalExamServiceApplicationKt : No active profile set, falling back to default profiles: default
2021-10-27 13:42:23.772  INFO 13280 --- [restartedMain] .s.d.r.c.RepositoryConfigurationDelegate : Bootstrapping Spring Data MongoDB repositories in DEFAULT mode.
2021-10-27 13:42:23.973  INFO 13280 --- [restartedMain] .s.d.r.c.RepositoryConfigurationDelegate : Finished Spring Data repository scanning in 195 ms. Found 3 MongoDB repository interfaces.
2021-10-27 13:42:24.479  INFO 13280 --- [restartedMain] o.s.cloud.context.scope.GenericScope     : BeanFactory id=d347c123-8162-38cd-b4f6-ac4d435068aa
2021-10-27 13:42:24.505  INFO 13280 --- [restartedMain] o.s.c.a.ConfigurationClassEnhancer       : @Bean method KotlinLambdaToFunctionAutoConfiguration.kotlinToFunctionTransformerOld is non-static and returns an object assignable to Spring's BeanFactoryPostProcessor interface. This will result in a failure to process annotations such as @Autowired, @Resource and @PostConstruct within the method's declaring @Configuration class. Add the 'static' modifier to this method to avoid these container lifecycle issues; see @Bean javadoc for complete details.
2021-10-27 13:42:24.561  INFO 13280 --- [restartedMain] faultConfiguringBeanFactoryPostProcessor : No bean named 'errorChannel' has been explicitly defined. Therefore, a default PublishSubscribeChannel will be created.
2021-10-27 13:42:24.614  INFO 13280 --- [restartedMain] faultConfiguringBeanFactoryPostProcessor : No bean named 'integrationHeaderChannelRegistry' has been explicitly defined. Therefore, a default DefaultHeaderChannelRegistry will be created.
2021-10-27 13:42:24.702  INFO 13280 --- [restartedMain] trationDelegate$BeanPostProcessorChecker : Bean 'org.springframework.integration.config.IntegrationManagementConfiguration' of type [org.springframework.integration.config.IntegrationManagementConfiguration] is not eligible for getting processed by all BeanPostProcessors (for example: not eligible for auto-proxying)
2021-10-27 13:42:24.724  INFO 13280 --- [restartedMain] trationDelegate$BeanPostProcessorChecker : Bean 'integrationChannelResolver' of type [org.springframework.integration.support.channel.BeanFactoryChannelResolver] is not eligible for getting processed by all BeanPostProcessors (for example: not eligible for auto-proxying)
2021-10-27 13:42:24.726  INFO 13280 --- [restartedMain] trationDelegate$BeanPostProcessorChecker : Bean 'integrationDisposableAutoCreatedBeans' of type [org.springframework.integration.config.annotation.Disposables] is not eligible for getting processed by all BeanPostProcessors (for example: not eligible for auto-proxying)
2021-10-27 13:42:25.483  INFO 13280 --- [restartedMain] o.s.b.w.embedded.tomcat.TomcatWebServer  : Tomcat initialized with port(s): 0 (http)
2021-10-27 13:42:25.497  INFO 13280 --- [restartedMain] o.apache.catalina.core.StandardService   : Starting service [Tomcat]
2021-10-27 13:42:25.497  INFO 13280 --- [restartedMain] org.apache.catalina.core.StandardEngine  : Starting Servlet engine: [Apache Tomcat/9.0.54]
2021-10-27 13:42:25.744  INFO 13280 --- [restartedMain] o.a.c.c.C.[Tomcat].[localhost].[/]       : Initializing Spring embedded WebApplicationContext
2021-10-27 13:42:25.744  INFO 13280 --- [restartedMain] w.s.c.ServletWebServerApplicationContext : Root WebApplicationContext: initialization completed in 3598 ms
2021-10-27 13:42:26.170  INFO 13280 --- [restartedMain] org.mongodb.driver.cluster               : Cluster created with settings {hosts=[127.0.0.1:27017], srvHost=zuhaibfintech.fued2.mongodb.net, mode=MULTIPLE, requiredClusterType=REPLICA_SET, serverSelectionTimeout='30000 ms', requiredReplicaSetName='atlas-8fusn8-shard-0'}
2021-10-27 13:42:26.204  INFO 13280 --- [cluster-ClusterId{value='617909eaff1b2100a3ad22c5', description='null'}-srv-zuhaibfintech.fued2.mongodb.net] org.mongodb.driver.cluster               : Adding discovered server zuhaibfintech-shard-00-00.fued2.mongodb.net:27017 to client view of cluster
2021-10-27 13:42:26.238  INFO 13280 --- [cluster-ClusterId{value='617909eaff1b2100a3ad22c5', description='null'}-srv-zuhaibfintech.fued2.mongodb.net] org.mongodb.driver.cluster               : Adding discovered server zuhaibfintech-shard-00-01.fued2.mongodb.net:27017 to client view of cluster
2021-10-27 13:42:26.239  INFO 13280 --- [cluster-ClusterId{value='617909eaff1b2100a3ad22c5', description='null'}-srv-zuhaibfintech.fued2.mongodb.net] org.mongodb.driver.cluster               : Adding discovered server zuhaibfintech-shard-00-02.fued2.mongodb.net:27017 to client view of cluster
2021-10-27 13:42:26.310  WARN 13280 --- [restartedMain] o.s.data.convert.CustomConversions       : Registering converter from class java.time.LocalDateTime to class org.joda.time.LocalDateTime as reading converter although it doesn't convert from a store-supported type! You might want to check your annotation setup at the converter implementation.
2021-10-27 13:42:26.746  WARN 13280 --- [restartedMain] o.s.b.d.a.OptionalLiveReloadServer       : Unable to start LiveReload server
2021-10-27 13:42:26.811  WARN 13280 --- [restartedMain] o.s.data.convert.CustomConversions       : Registering converter from class java.time.LocalDateTime to class org.joda.time.LocalDateTime as reading converter although it doesn't convert from a store-supported type! You might want to check your annotation setup at the converter implementation.
2021-10-27 13:42:27.958  INFO 13280 --- [cluster-ClusterId{value='617909eaff1b2100a3ad22c5', description='null'}-zuhaibfintech-shard-00-00.fued2.mongodb.net:27017] org.mongodb.driver.connection            : Opened connection [connectionId{localValue:1, serverValue:88547}] to zuhaibfintech-shard-00-00.fued2.mongodb.net:27017
2021-10-27 13:42:27.958  INFO 13280 --- [cluster-rtt-ClusterId{value='617909eaff1b2100a3ad22c5', description='null'}-zuhaibfintech-shard-00-01.fued2.mongodb.net:27017] org.mongodb.driver.connection            : Opened connection [connectionId{localValue:3, serverValue:93608}] to zuhaibfintech-shard-00-01.fued2.mongodb.net:27017
2021-10-27 13:42:27.959  INFO 13280 --- [cluster-ClusterId{value='617909eaff1b2100a3ad22c5', description='null'}-zuhaibfintech-shard-00-00.fued2.mongodb.net:27017] org.mongodb.driver.cluster               : Monitor thread successfully connected to server with description ServerDescription{address=zuhaibfintech-shard-00-00.fued2.mongodb.net:27017, type=REPLICA_SET_SECONDARY, state=CONNECTED, ok=true, minWireVersion=0, maxWireVersion=9, maxDocumentSize=16777216, logicalSessionTimeoutMinutes=30, roundTripTimeNanos=826763500, setName='atlas-8fusn8-shard-0', canonicalAddress=zuhaibfintech-shard-00-00.fued2.mongodb.net:27017, hosts=[zuhaibfintech-shard-00-01.fued2.mongodb.net:27017, zuhaibfintech-shard-00-02.fued2.mongodb.net:27017, zuhaibfintech-shard-00-00.fued2.mongodb.net:27017], passives=[], arbiters=[], primary='zuhaibfintech-shard-00-01.fued2.mongodb.net:27017', tagSet=TagSet{[Tag{name='nodeType', value='ELECTABLE'}, Tag{name='provider', value='AWS'}, Tag{name='region', value='US_EAST_1'}, Tag{name='workloadType', value='OPERATIONAL'}]}, electionId=null, setVersion=7, topologyVersion=TopologyVersion{processId=617185056892e3c57ed29a83, counter=4}, lastWriteDate=Wed Oct 27 13:42:29 IST 2021, lastUpdateTimeNanos=2472827755600}
2021-10-27 13:42:27.959  INFO 13280 --- [cluster-rtt-ClusterId{value='617909eaff1b2100a3ad22c5', description='null'}-zuhaibfintech-shard-00-02.fued2.mongodb.net:27017] org.mongodb.driver.connection            : Opened connection [connectionId{localValue:6, serverValue:87556}] to zuhaibfintech-shard-00-02.fued2.mongodb.net:27017
2021-10-27 13:42:27.958  INFO 13280 --- [cluster-rtt-ClusterId{value='617909eaff1b2100a3ad22c5', description='null'}-zuhaibfintech-shard-00-00.fued2.mongodb.net:27017] org.mongodb.driver.connection            : Opened connection [connectionId{localValue:5, serverValue:88547}] to zuhaibfintech-shard-00-00.fued2.mongodb.net:27017
2021-10-27 13:42:27.958  INFO 13280 --- [cluster-ClusterId{value='617909eaff1b2100a3ad22c5', description='null'}-zuhaibfintech-shard-00-02.fued2.mongodb.net:27017] org.mongodb.driver.connection            : Opened connection [connectionId{localValue:2, serverValue:87556}] to zuhaibfintech-shard-00-02.fued2.mongodb.net:27017
2021-10-27 13:42:27.960  INFO 13280 --- [cluster-ClusterId{value='617909eaff1b2100a3ad22c5', description='null'}-zuhaibfintech-shard-00-02.fued2.mongodb.net:27017] org.mongodb.driver.cluster               : Monitor thread successfully connected to server with description ServerDescription{address=zuhaibfintech-shard-00-02.fued2.mongodb.net:27017, type=REPLICA_SET_SECONDARY, state=CONNECTED, ok=true, minWireVersion=0, maxWireVersion=9, maxDocumentSize=16777216, logicalSessionTimeoutMinutes=30, roundTripTimeNanos=828439600, setName='atlas-8fusn8-shard-0', canonicalAddress=zuhaibfintech-shard-00-02.fued2.mongodb.net:27017, hosts=[zuhaibfintech-shard-00-01.fued2.mongodb.net:27017, zuhaibfintech-shard-00-02.fued2.mongodb.net:27017, zuhaibfintech-shard-00-00.fued2.mongodb.net:27017], passives=[], arbiters=[], primary='zuhaibfintech-shard-00-01.fued2.mongodb.net:27017', tagSet=TagSet{[Tag{name='nodeType', value='ELECTABLE'}, Tag{name='provider', value='AWS'}, Tag{name='region', value='US_EAST_1'}, Tag{name='workloadType', value='OPERATIONAL'}]}, electionId=null, setVersion=7, topologyVersion=TopologyVersion{processId=6171863ddbe9eb30d9d5da16, counter=3}, lastWriteDate=Wed Oct 27 13:42:29 IST 2021, lastUpdateTimeNanos=2472827382800}
2021-10-27 13:42:27.961  INFO 13280 --- [cluster-ClusterId{value='617909eaff1b2100a3ad22c5', description='null'}-zuhaibfintech-shard-00-01.fued2.mongodb.net:27017] org.mongodb.driver.connection            : Opened connection [connectionId{localValue:4, serverValue:93608}] to zuhaibfintech-shard-00-01.fued2.mongodb.net:27017
2021-10-27 13:42:27.962  INFO 13280 --- [cluster-ClusterId{value='617909eaff1b2100a3ad22c5', description='null'}-zuhaibfintech-shard-00-01.fued2.mongodb.net:27017] org.mongodb.driver.cluster               : Monitor thread successfully connected to server with description ServerDescription{address=zuhaibfintech-shard-00-01.fued2.mongodb.net:27017, type=REPLICA_SET_PRIMARY, state=CONNECTED, ok=true, minWireVersion=0, maxWireVersion=9, maxDocumentSize=16777216, logicalSessionTimeoutMinutes=30, roundTripTimeNanos=826251400, setName='atlas-8fusn8-shard-0', canonicalAddress=zuhaibfintech-shard-00-01.fued2.mongodb.net:27017, hosts=[zuhaibfintech-shard-00-01.fued2.mongodb.net:27017, zuhaibfintech-shard-00-02.fued2.mongodb.net:27017, zuhaibfintech-shard-00-00.fued2.mongodb.net:27017], passives=[], arbiters=[], primary='zuhaibfintech-shard-00-01.fued2.mongodb.net:27017', tagSet=TagSet{[Tag{name='nodeType', value='ELECTABLE'}, Tag{name='provider', value='AWS'}, Tag{name='region', value='US_EAST_1'}, Tag{name='workloadType', value='OPERATIONAL'}]}, electionId=7fffffff0000000000000067, setVersion=7, topologyVersion=TopologyVersion{processId=617185aa7419aeda43a25cc9, counter=6}, lastWriteDate=Wed Oct 27 13:42:29 IST 2021, lastUpdateTimeNanos=2472831658500}
2021-10-27 13:42:27.963  INFO 13280 --- [cluster-ClusterId{value='617909eaff1b2100a3ad22c5', description='null'}-zuhaibfintech-shard-00-01.fued2.mongodb.net:27017] org.mongodb.driver.cluster               : Setting max election id to 7fffffff0000000000000067 from replica set primary zuhaibfintech-shard-00-01.fued2.mongodb.net:27017
2021-10-27 13:42:27.967  INFO 13280 --- [cluster-ClusterId{value='617909eaff1b2100a3ad22c5', description='null'}-zuhaibfintech-shard-00-01.fued2.mongodb.net:27017] org.mongodb.driver.cluster               : Setting max set version to 7 from replica set primary zuhaibfintech-shard-00-01.fued2.mongodb.net:27017
2021-10-27 13:42:27.967  INFO 13280 --- [cluster-ClusterId{value='617909eaff1b2100a3ad22c5', description='null'}-zuhaibfintech-shard-00-01.fued2.mongodb.net:27017] org.mongodb.driver.cluster               : Discovered replica set primary zuhaibfintech-shard-00-01.fued2.mongodb.net:27017
2021-10-27 13:42:28.923  INFO 13280 --- [restartedMain] DiscoveryClientOptionalArgsConfiguration : Eureka HTTP Client uses RestTemplate.
2021-10-27 13:42:29.216  WARN 13280 --- [restartedMain] iguration$LoadBalancerCaffeineWarnLogger : Spring Cloud LoadBalancer is currently working with the default cache. You can switch to using Caffeine cache, by adding it and org.springframework.cache.caffeine.CaffeineCacheManager to the classpath.
2021-10-27 13:42:29.376  INFO 13280 --- [restartedMain] o.s.c.s.m.DirectWithAttributesChannel    : Channel 'application-1.springCloudBusInput' has 1 subscriber(s).
2021-10-27 13:42:29.522  INFO 13280 --- [restartedMain] o.s.i.endpoint.EventDrivenConsumer       : Adding {logging-channel-adapter:_org.springframework.integration.errorLogger} as a subscriber to the 'errorChannel' channel
2021-10-27 13:42:29.523  INFO 13280 --- [restartedMain] o.s.i.channel.PublishSubscribeChannel    : Channel 'application-1.errorChannel' has 1 subscriber(s).
2021-10-27 13:42:29.523  INFO 13280 --- [restartedMain] o.s.i.endpoint.EventDrivenConsumer       : started bean '_org.springframework.integration.errorLogger'
2021-10-27 13:42:29.533  INFO 13280 --- [restartedMain] o.s.c.s.binder.DefaultBinderFactory      : Creating binder: rabbit
2021-10-27 13:42:29.658  INFO 13280 --- [restartedMain] o.s.c.s.binder.DefaultBinderFactory      : Caching the binder: rabbit
2021-10-27 13:42:29.658  INFO 13280 --- [restartedMain] o.s.c.s.binder.DefaultBinderFactory      : Retrieving cached binder: rabbit
2021-10-27 13:42:29.754  INFO 13280 --- [restartedMain] c.s.b.r.p.RabbitExchangeQueueProvisioner : declaring queue for inbound: springCloudBus.anonymous.LxduoqzvSvid_DTfujUg7w, bound to: springCloudBus
2021-10-27 13:42:29.758  INFO 13280 --- [restartedMain] o.s.a.r.c.CachingConnectionFactory       : Attempting to connect to: [localhost:5672]
2021-10-27 13:42:29.767  INFO 13280 --- [restartedMain] o.s.a.r.c.CachingConnectionFactory       : Attempting to connect to: [localhost:5672]
2021-10-27 13:42:29.771  INFO 13280 --- [restartedMain] o.s.a.r.c.CachingConnectionFactory       : Attempting to connect to: [localhost:5672]
2021-10-27 13:42:29.794  INFO 13280 --- [restartedMain] o.s.c.stream.binder.BinderErrorChannel   : Channel 'springCloudBus.anonymous.LxduoqzvSvid_DTfujUg7w.errors' has 1 subscriber(s).
2021-10-27 13:42:29.796  INFO 13280 --- [restartedMain] o.s.c.stream.binder.BinderErrorChannel   : Channel 'springCloudBus.anonymous.LxduoqzvSvid_DTfujUg7w.errors' has 2 subscriber(s).
2021-10-27 13:42:29.798  INFO 13280 --- [restartedMain] o.s.a.r.c.CachingConnectionFactory       : Attempting to connect to: [localhost:5672]
2021-10-27 13:42:29.799  INFO 13280 --- [restartedMain] o.s.a.r.l.SimpleMessageListenerContainer : Broker not available; cannot force queue declarations during start: java.net.ConnectException: Connection refused: no further information
2021-10-27 13:42:29.812  INFO 13280 --- [springCloudBus.anonymous.LxduoqzvSvid_DTfujUg7w-1] o.s.a.r.c.CachingConnectionFactory       : Attempting to connect to: [localhost:5672]
2021-10-27 13:42:29.814  INFO 13280 --- [restartedMain] o.s.i.a.i.AmqpInboundChannelAdapter      : started bean 'inbound.springCloudBus.anonymous.LxduoqzvSvid_DTfujUg7w'
2021-10-27 13:42:29.971  INFO 13280 --- [restartedMain] o.s.b.w.embedded.tomcat.TomcatWebServer  : Tomcat started on port(s): 62342 (http) with context path ''
2021-10-27 13:42:29.973  INFO 13280 --- [restartedMain] .s.c.n.e.s.EurekaAutoServiceRegistration : Updating port to 62342
2021-10-27 13:42:29.984  INFO 13280 --- [restartedMain] o.s.c.n.eureka.InstanceInfoFactory       : Setting initial instance status as: STARTING
2021-10-27 13:42:30.434  INFO 13280 --- [restartedMain] com.netflix.discovery.DiscoveryClient    : Initializing Eureka in region us-east-1
2021-10-27 13:42:30.443  INFO 13280 --- [restartedMain] c.n.d.s.r.aws.ConfigClusterResolver      : Resolving eureka endpoints via configuration
2021-10-27 13:42:30.583  INFO 13280 --- [restartedMain] com.netflix.discovery.DiscoveryClient    : Disable delta property : false
2021-10-27 13:42:30.583  INFO 13280 --- [restartedMain] com.netflix.discovery.DiscoveryClient    : Single vip registry refresh property : null
2021-10-27 13:42:30.583  INFO 13280 --- [restartedMain] com.netflix.discovery.DiscoveryClient    : Force full registry fetch : false
2021-10-27 13:42:30.583  INFO 13280 --- [restartedMain] com.netflix.discovery.DiscoveryClient    : Application is null : false
2021-10-27 13:42:30.584  INFO 13280 --- [restartedMain] com.netflix.discovery.DiscoveryClient    : Registered Applications size is zero : true
2021-10-27 13:42:30.584  INFO 13280 --- [restartedMain] com.netflix.discovery.DiscoveryClient    : Application version is -1: true
2021-10-27 13:42:30.584  INFO 13280 --- [restartedMain] com.netflix.discovery.DiscoveryClient    : Getting all instance registry info from the eureka server
2021-10-27 13:42:31.038  INFO 13280 --- [restartedMain] com.netflix.discovery.DiscoveryClient    : The response status is 200
2021-10-27 13:42:31.043  INFO 13280 --- [restartedMain] com.netflix.discovery.DiscoveryClient    : Starting heartbeat executor: renew interval is: 30
2021-10-27 13:42:31.046  INFO 13280 --- [restartedMain] c.n.discovery.InstanceInfoReplicator     : InstanceInfoReplicator onDemand update allowed rate per min is 4
2021-10-27 13:42:31.054  INFO 13280 --- [restartedMain] com.netflix.discovery.DiscoveryClient    : Discovery Client initialized at timestamp 1635322351052 with initial instances count: 2
2021-10-27 13:42:31.057  INFO 13280 --- [restartedMain] o.s.c.n.e.s.EurekaServiceRegistry        : Registering application EXAM-SERVICE with eureka with status UP
2021-10-27 13:42:31.057  INFO 13280 --- [restartedMain] com.netflix.discovery.DiscoveryClient    : Saw local status change event StatusChangeEvent [timestamp=1635322351057, current=UP, previous=STARTING]
2021-10-27 13:42:31.060  INFO 13280 --- [DiscoveryClient-InstanceInfoReplicator-0] com.netflix.discovery.DiscoveryClient    : DiscoveryClient_EXAM-SERVICE/LAPTOP-BUCD2FCU:exam-service:0: registering service...
2021-10-27 13:42:31.207  INFO 13280 --- [DiscoveryClient-InstanceInfoReplicator-0] com.netflix.discovery.DiscoveryClient    : DiscoveryClient_EXAM-SERVICE/LAPTOP-BUCD2FCU:exam-service:0 - registration status: 204
2021-10-27 13:42:31.291  INFO 13280 --- [restartedMain] c.z.e.ExamPortalExamServiceApplicationKt : Started ExamPortalExamServiceApplicationKt in 14.125 seconds (JVM running for 16.54)
2021-10-27 13:42:34.940  WARN 13280 --- [springCloudBus.anonymous.LxduoqzvSvid_DTfujUg7w-1] o.s.a.r.l.SimpleMessageListenerContainer : Consumer raised exception, processing can restart if the connection factory supports it. Exception summary: org.springframework.amqp.AmqpConnectException: java.net.ConnectException: Connection refused: no further information
2021-10-27 13:42:35.009  INFO 13280 --- [springCloudBus.anonymous.LxduoqzvSvid_DTfujUg7w-1] o.s.a.r.l.SimpleMessageListenerContainer : Restarting Consumer@75bb6a4e: tags=[[]], channel=null, acknowledgeMode=AUTO local queue size=0
2021-10-27 13:42:35.018  INFO 13280 --- [springCloudBus.anonymous.LxduoqzvSvid_DTfujUg7w-2] o.s.a.r.c.CachingConnectionFactory       : Attempting to connect to: [localhost:5672]
2021-10-27 13:42:40.043  WARN 13280 --- [springCloudBus.anonymous.LxduoqzvSvid_DTfujUg7w-2] o.s.a.r.l.SimpleMessageListenerContainer : Consumer raised exception, processing can restart if the connection factory supports it. Exception summary: org.springframework.amqp.AmqpConnectException: java.net.ConnectException: Connection refused: no further information
2021-10-27 13:42:40.044  INFO 13280 --- [springCloudBus.anonymous.LxduoqzvSvid_DTfujUg7w-2] o.s.a.r.l.SimpleMessageListenerContainer : Restarting Consumer@c6c260e: tags=[[]], channel=null, acknowledgeMode=AUTO local queue size=0
2021-10-27 13:42:40.051  INFO 13280 --- [springCloudBus.anonymous.LxduoqzvSvid_DTfujUg7w-3] o.s.a.r.c.CachingConnectionFactory       : Attempting to connect to: [localhost:5672]
2021-10-27 13:42:45.245  WARN 13280 --- [springCloudBus.anonymous.LxduoqzvSvid_DTfujUg7w-3] o.s.a.r.l.SimpleMessageListenerContainer : Consumer raised exception, processing can restart if the connection factory supports it. Exception summary: org.springframework.amqp.AmqpConnectException: java.net.ConnectException: Connection refused: no further information
2021-10-27 13:42:45.245  INFO 13280 --- [springCloudBus.anonymous.LxduoqzvSvid_DTfujUg7w-3] o.s.a.r.l.SimpleMessageListenerContainer : Restarting Consumer@3da897bb: tags=[[]], channel=null, acknowledgeMode=AUTO local queue size=0
2021-10-27 13:42:45.246  INFO 13280 --- [springCloudBus.anonymous.LxduoqzvSvid_DTfujUg7w-4] o.s.a.r.c.CachingConnectionFactory       : Attempting to connect to: [localhost:5672]
2021-10-27 13:42:50.430  WARN 13280 --- [springCloudBus.anonymous.LxduoqzvSvid_DTfujUg7w-4] o.s.a.r.l.SimpleMessageListenerContainer : Consumer raised exception, processing can restart if the connection factory supports it. Exception summary: org.springframework.amqp.AmqpConnectException: java.net.ConnectException: Connection refused: no further information
2021-10-27 13:42:50.431  INFO 13280 --- [springCloudBus.anonymous.LxduoqzvSvid_DTfujUg7w-4] o.s.a.r.l.SimpleMessageListenerContainer : Restarting Consumer@2df77bf4: tags=[[]], channel=null, acknowledgeMode=AUTO local queue size=0
2021-10-27 13:42:50.432  INFO 13280 --- [springCloudBus.anonymous.LxduoqzvSvid_DTfujUg7w-5] o.s.a.r.c.CachingConnectionFactory       : Attempting to connect to: [localhost:5672]
2021-10-27 13:42:55.571  WARN 13280 --- [springCloudBus.anonymous.LxduoqzvSvid_DTfujUg7w-5] o.s.a.r.l.SimpleMessageListenerContainer : Consumer raised exception, processing can restart if the connection factory supports it. Exception summary: org.springframework.amqp.AmqpConnectException: java.net.ConnectException: Connection refused: no further information
2021-10-27 13:42:55.572  INFO 13280 --- [springCloudBus.anonymous.LxduoqzvSvid_DTfujUg7w-5] o.s.a.r.l.SimpleMessageListenerContainer : Restarting Consumer@64722bc2: tags=[[]], channel=null, acknowledgeMode=AUTO local queue size=0
2021-10-27 13:42:55.573  INFO 13280 --- [springCloudBus.anonymous.LxduoqzvSvid_DTfujUg7w-6] o.s.a.r.c.CachingConnectionFactory       : Attempting to connect to: [localhost:5672]
2021-10-27 13:43:00.756  WARN 13280 --- [springCloudBus.anonymous.LxduoqzvSvid_DTfujUg7w-6] o.s.a.r.l.SimpleMessageListenerContainer : Consumer raised exception, processing can restart if the connection factory supports it. Exception summary: org.springframework.amqp.AmqpConnectException: java.net.ConnectException: Connection refused: no further information
2021-10-27 13:43:00.756  INFO 13280 --- [springCloudBus.anonymous.LxduoqzvSvid_DTfujUg7w-6] o.s.a.r.l.SimpleMessageListenerContainer : Restarting Consumer@6a19579c: tags=[[]], channel=null, acknowledgeMode=AUTO local queue size=0
2021-10-27 13:43:00.757  INFO 13280 --- [springCloudBus.anonymous.LxduoqzvSvid_DTfujUg7w-7] o.s.a.r.c.CachingConnectionFactory       : Attempting to connect to: [localhost:5672]
2021-10-27 13:43:05.881  WARN 13280 --- [springCloudBus.anonymous.LxduoqzvSvid_DTfujUg7w-7] o.s.a.r.l.SimpleMessageListenerContainer : Consumer raised exception, processing can restart if the connection factory supports it. Exception summary: org.springframework.amqp.AmqpConnectException: java.net.ConnectException: Connection refused: no further information
2021-10-27 13:43:09.373  INFO 13280 --- [springCloudBus.anonymous.LxduoqzvSvid_DTfujUg7w-7] o.s.a.r.l.SimpleMessageListenerContainer : Restarting Consumer@a00f607: tags=[[]], channel=null, acknowledgeMode=AUTO local queue size=0
2021-10-27 13:43:09.384  INFO 13280 --- [springCloudBus.anonymous.LxduoqzvSvid_DTfujUg7w-8] o.s.a.r.c.CachingConnectionFactory       : Attempting to connect to: [localhost:5672]
2021-10-27 13:43:14.534  WARN 13280 --- [springCloudBus.anonymous.LxduoqzvSvid_DTfujUg7w-8] o.s.a.r.l.SimpleMessageListenerContainer : Consumer raised exception, processing can restart if the connection factory supports it. Exception summary: org.springframework.amqp.AmqpConnectException: java.net.ConnectException: Connection refused: no further information
2021-10-27 13:43:14.537  INFO 13280 --- [springCloudBus.anonymous.LxduoqzvSvid_DTfujUg7w-8] o.s.a.r.l.SimpleMessageListenerContainer : Restarting Consumer@78b4f3c5: tags=[[]], channel=null, acknowledgeMode=AUTO local queue size=0
2021-10-27 13:43:14.539  INFO 13280 --- [springCloudBus.anonymous.LxduoqzvSvid_DTfujUg7w-9] o.s.a.r.c.CachingConnectionFactory       : Attempting to connect to: [localhost:5672]
2021-10-27 13:43:19.644  WARN 13280 --- [springCloudBus.anonymous.LxduoqzvSvid_DTfujUg7w-9] o.s.a.r.l.SimpleMessageListenerContainer : Consumer raised exception, processing can restart if the connection factory supports it. Exception summary: org.springframework.amqp.AmqpConnectException: java.net.ConnectException: Connection refused: no further information
2021-10-27 13:43:19.646  INFO 13280 --- [springCloudBus.anonymous.LxduoqzvSvid_DTfujUg7w-9] o.s.a.r.l.SimpleMessageListenerContainer : Restarting Consumer@58a6c6ff: tags=[[]], channel=null, acknowledgeMode=AUTO local queue size=0
2021-10-27 13:43:19.649  INFO 13280 --- [springCloudBus.anonymous.LxduoqzvSvid_DTfujUg7w-10] o.s.a.r.c.CachingConnectionFactory       : Attempting to connect to: [localhost:5672]
