2021-10-27 13:41:28.466  INFO 12216 --- [restartedMain] c.c.c.ConfigServicePropertySourceLocator : Fetching config from server at : http://localhost:8888
2021-10-27 13:41:36.157  INFO 12216 --- [restartedMain] c.c.c.ConfigServicePropertySourceLocator : Located environment: name=user-service, profiles=[default], label=null, version=66f77752a8fe21881c2712fc750f36b75ff50274, state=null
2021-10-27 13:41:36.159  INFO 12216 --- [restartedMain] b.c.PropertySourceBootstrapConfiguration : Located property source: [BootstrapPropertySource {name='bootstrapProperties-configClient'}, BootstrapPropertySource {name='bootstrapProperties-https://github.com/zuhaibahmed444/examConfigServer/file:C:\Users\Zuhaib\AppData\Local\Temp\config-repo-11787560611101446591\user-service.properties'}]
2021-10-27 13:41:36.186  INFO 12216 --- [restartedMain] c.z.e.ExamPortalUserServiceApplicationKt : No active profile set, falling back to default profiles: default
2021-10-27 13:41:41.220  INFO 12216 --- [restartedMain] .s.d.r.c.RepositoryConfigurationDelegate : Bootstrapping Spring Data MongoDB repositories in DEFAULT mode.
2021-10-27 13:41:41.469  INFO 12216 --- [restartedMain] .s.d.r.c.RepositoryConfigurationDelegate : Finished Spring Data repository scanning in 241 ms. Found 1 MongoDB repository interfaces.
2021-10-27 13:41:42.007  INFO 12216 --- [restartedMain] o.s.cloud.context.scope.GenericScope     : BeanFactory id=6c953fb2-14c3-346d-9f7a-723040f633b6
2021-10-27 13:41:42.243  INFO 12216 --- [restartedMain] trationDelegate$BeanPostProcessorChecker : Bean 'org.springframework.security.access.expression.method.DefaultMethodSecurityExpressionHandler@5eaf81d4' of type [org.springframework.security.access.expression.method.DefaultMethodSecurityExpressionHandler] is not eligible for getting processed by all BeanPostProcessors (for example: not eligible for auto-proxying)
2021-10-27 13:41:42.250  INFO 12216 --- [restartedMain] trationDelegate$BeanPostProcessorChecker : Bean 'methodSecurityMetadataSource' of type [org.springframework.security.access.method.DelegatingMethodSecurityMetadataSource] is not eligible for getting processed by all BeanPostProcessors (for example: not eligible for auto-proxying)
2021-10-27 13:41:43.581  INFO 12216 --- [restartedMain] o.s.b.w.embedded.tomcat.TomcatWebServer  : Tomcat initialized with port(s): 0 (http)
2021-10-27 13:41:43.610  INFO 12216 --- [restartedMain] o.apache.catalina.core.StandardService   : Starting service [Tomcat]
2021-10-27 13:41:43.611  INFO 12216 --- [restartedMain] org.apache.catalina.core.StandardEngine  : Starting Servlet engine: [Apache Tomcat/9.0.54]
2021-10-27 13:41:43.992  INFO 12216 --- [restartedMain] o.a.c.c.C.[Tomcat].[localhost].[/]       : Initializing Spring embedded WebApplicationContext
2021-10-27 13:41:43.993  INFO 12216 --- [restartedMain] w.s.c.ServletWebServerApplicationContext : Root WebApplicationContext: initialization completed in 7764 ms
2021-10-27 13:41:44.663  INFO 12216 --- [restartedMain] org.mongodb.driver.cluster               : Cluster created with settings {hosts=[127.0.0.1:27017], srvHost=zuhaibfintech.fued2.mongodb.net, mode=MULTIPLE, requiredClusterType=REPLICA_SET, serverSelectionTimeout='30000 ms', requiredReplicaSetName='atlas-8fusn8-shard-0'}
2021-10-27 13:41:44.692  INFO 12216 --- [cluster-ClusterId{value='617909c04cd6a1319a294e8f', description='null'}-srv-zuhaibfintech.fued2.mongodb.net] org.mongodb.driver.cluster               : Adding discovered server zuhaibfintech-shard-00-00.fued2.mongodb.net:27017 to client view of cluster
2021-10-27 13:41:44.763  INFO 12216 --- [cluster-ClusterId{value='617909c04cd6a1319a294e8f', description='null'}-srv-zuhaibfintech.fued2.mongodb.net] org.mongodb.driver.cluster               : Adding discovered server zuhaibfintech-shard-00-01.fued2.mongodb.net:27017 to client view of cluster
2021-10-27 13:41:44.769  INFO 12216 --- [cluster-ClusterId{value='617909c04cd6a1319a294e8f', description='null'}-srv-zuhaibfintech.fued2.mongodb.net] org.mongodb.driver.cluster               : Adding discovered server zuhaibfintech-shard-00-02.fued2.mongodb.net:27017 to client view of cluster
2021-10-27 13:41:45.047  WARN 12216 --- [restartedMain] o.s.data.convert.CustomConversions       : Registering converter from class java.time.LocalDateTime to class org.joda.time.LocalDateTime as reading converter although it doesn't convert from a store-supported type! You might want to check your annotation setup at the converter implementation.
2021-10-27 13:41:45.397  WARN 12216 --- [restartedMain] o.s.data.convert.CustomConversions       : Registering converter from class java.time.LocalDateTime to class org.joda.time.LocalDateTime as reading converter although it doesn't convert from a store-supported type! You might want to check your annotation setup at the converter implementation.
2021-10-27 13:41:46.680  INFO 12216 --- [restartedMain] o.s.b.d.a.OptionalLiveReloadServer       : LiveReload server is running on port 35729
2021-10-27 13:41:47.230  INFO 12216 --- [cluster-ClusterId{value='617909c04cd6a1319a294e8f', description='null'}-zuhaibfintech-shard-00-00.fued2.mongodb.net:27017] org.mongodb.driver.connection            : Opened connection [connectionId{localValue:1, serverValue:88535}] to zuhaibfintech-shard-00-00.fued2.mongodb.net:27017
2021-10-27 13:41:47.233  INFO 12216 --- [cluster-rtt-ClusterId{value='617909c04cd6a1319a294e8f', description='null'}-zuhaibfintech-shard-00-00.fued2.mongodb.net:27017] org.mongodb.driver.connection            : Opened connection [connectionId{localValue:6, serverValue:88535}] to zuhaibfintech-shard-00-00.fued2.mongodb.net:27017
2021-10-27 13:41:47.232  INFO 12216 --- [cluster-ClusterId{value='617909c04cd6a1319a294e8f', description='null'}-zuhaibfintech-shard-00-01.fued2.mongodb.net:27017] org.mongodb.driver.connection            : Opened connection [connectionId{localValue:5, serverValue:93609}] to zuhaibfintech-shard-00-01.fued2.mongodb.net:27017
2021-10-27 13:41:47.231  INFO 12216 --- [cluster-ClusterId{value='617909c04cd6a1319a294e8f', description='null'}-zuhaibfintech-shard-00-02.fued2.mongodb.net:27017] org.mongodb.driver.connection            : Opened connection [connectionId{localValue:3, serverValue:87552}] to zuhaibfintech-shard-00-02.fued2.mongodb.net:27017
2021-10-27 13:41:47.238  INFO 12216 --- [cluster-ClusterId{value='617909c04cd6a1319a294e8f', description='null'}-zuhaibfintech-shard-00-01.fued2.mongodb.net:27017] org.mongodb.driver.cluster               : Monitor thread successfully connected to server with description ServerDescription{address=zuhaibfintech-shard-00-01.fued2.mongodb.net:27017, type=REPLICA_SET_PRIMARY, state=CONNECTED, ok=true, minWireVersion=0, maxWireVersion=9, maxDocumentSize=16777216, logicalSessionTimeoutMinutes=30, roundTripTimeNanos=1449984300, setName='atlas-8fusn8-shard-0', canonicalAddress=zuhaibfintech-shard-00-01.fued2.mongodb.net:27017, hosts=[zuhaibfintech-shard-00-01.fued2.mongodb.net:27017, zuhaibfintech-shard-00-02.fued2.mongodb.net:27017, zuhaibfintech-shard-00-00.fued2.mongodb.net:27017], passives=[], arbiters=[], primary='zuhaibfintech-shard-00-01.fued2.mongodb.net:27017', tagSet=TagSet{[Tag{name='nodeType', value='ELECTABLE'}, Tag{name='provider', value='AWS'}, Tag{name='region', value='US_EAST_1'}, Tag{name='workloadType', value='OPERATIONAL'}]}, electionId=7fffffff0000000000000067, setVersion=7, topologyVersion=TopologyVersion{processId=617185aa7419aeda43a25cc9, counter=6}, lastWriteDate=Wed Oct 27 13:41:48 IST 2021, lastUpdateTimeNanos=2432096705000}
2021-10-27 13:41:47.232  INFO 12216 --- [cluster-rtt-ClusterId{value='617909c04cd6a1319a294e8f', description='null'}-zuhaibfintech-shard-00-02.fued2.mongodb.net:27017] org.mongodb.driver.connection            : Opened connection [connectionId{localValue:2, serverValue:87552}] to zuhaibfintech-shard-00-02.fued2.mongodb.net:27017
2021-10-27 13:41:47.231  INFO 12216 --- [cluster-ClusterId{value='617909c04cd6a1319a294e8f', description='null'}-zuhaibfintech-shard-00-00.fued2.mongodb.net:27017] org.mongodb.driver.cluster               : Monitor thread successfully connected to server with description ServerDescription{address=zuhaibfintech-shard-00-00.fued2.mongodb.net:27017, type=REPLICA_SET_SECONDARY, state=CONNECTED, ok=true, minWireVersion=0, maxWireVersion=9, maxDocumentSize=16777216, logicalSessionTimeoutMinutes=30, roundTripTimeNanos=1456768600, setName='atlas-8fusn8-shard-0', canonicalAddress=zuhaibfintech-shard-00-00.fued2.mongodb.net:27017, hosts=[zuhaibfintech-shard-00-01.fued2.mongodb.net:27017, zuhaibfintech-shard-00-02.fued2.mongodb.net:27017, zuhaibfintech-shard-00-00.fued2.mongodb.net:27017], passives=[], arbiters=[], primary='zuhaibfintech-shard-00-01.fued2.mongodb.net:27017', tagSet=TagSet{[Tag{name='nodeType', value='ELECTABLE'}, Tag{name='provider', value='AWS'}, Tag{name='region', value='US_EAST_1'}, Tag{name='workloadType', value='OPERATIONAL'}]}, electionId=null, setVersion=7, topologyVersion=TopologyVersion{processId=617185056892e3c57ed29a83, counter=4}, lastWriteDate=Wed Oct 27 13:41:48 IST 2021, lastUpdateTimeNanos=2432095211900}
2021-10-27 13:41:47.231  INFO 12216 --- [cluster-rtt-ClusterId{value='617909c04cd6a1319a294e8f', description='null'}-zuhaibfintech-shard-00-01.fued2.mongodb.net:27017] org.mongodb.driver.connection            : Opened connection [connectionId{localValue:4, serverValue:93609}] to zuhaibfintech-shard-00-01.fued2.mongodb.net:27017
2021-10-27 13:41:47.238  INFO 12216 --- [cluster-ClusterId{value='617909c04cd6a1319a294e8f', description='null'}-zuhaibfintech-shard-00-02.fued2.mongodb.net:27017] org.mongodb.driver.cluster               : Monitor thread successfully connected to server with description ServerDescription{address=zuhaibfintech-shard-00-02.fued2.mongodb.net:27017, type=REPLICA_SET_SECONDARY, state=CONNECTED, ok=true, minWireVersion=0, maxWireVersion=9, maxDocumentSize=16777216, logicalSessionTimeoutMinutes=30, roundTripTimeNanos=1442022300, setName='atlas-8fusn8-shard-0', canonicalAddress=zuhaibfintech-shard-00-02.fued2.mongodb.net:27017, hosts=[zuhaibfintech-shard-00-01.fued2.mongodb.net:27017, zuhaibfintech-shard-00-02.fued2.mongodb.net:27017, zuhaibfintech-shard-00-00.fued2.mongodb.net:27017], passives=[], arbiters=[], primary='zuhaibfintech-shard-00-01.fued2.mongodb.net:27017', tagSet=TagSet{[Tag{name='nodeType', value='ELECTABLE'}, Tag{name='provider', value='AWS'}, Tag{name='region', value='US_EAST_1'}, Tag{name='workloadType', value='OPERATIONAL'}]}, electionId=null, setVersion=7, topologyVersion=TopologyVersion{processId=6171863ddbe9eb30d9d5da16, counter=3}, lastWriteDate=Wed Oct 27 13:41:48 IST 2021, lastUpdateTimeNanos=2432096911000}
2021-10-27 13:41:47.240  INFO 12216 --- [cluster-ClusterId{value='617909c04cd6a1319a294e8f', description='null'}-zuhaibfintech-shard-00-01.fued2.mongodb.net:27017] org.mongodb.driver.cluster               : Setting max election id to 7fffffff0000000000000067 from replica set primary zuhaibfintech-shard-00-01.fued2.mongodb.net:27017
2021-10-27 13:41:47.344  INFO 12216 --- [cluster-ClusterId{value='617909c04cd6a1319a294e8f', description='null'}-zuhaibfintech-shard-00-01.fued2.mongodb.net:27017] org.mongodb.driver.cluster               : Setting max set version to 7 from replica set primary zuhaibfintech-shard-00-01.fued2.mongodb.net:27017
2021-10-27 13:41:47.354  INFO 12216 --- [cluster-ClusterId{value='617909c04cd6a1319a294e8f', description='null'}-zuhaibfintech-shard-00-01.fued2.mongodb.net:27017] org.mongodb.driver.cluster               : Discovered replica set primary zuhaibfintech-shard-00-01.fued2.mongodb.net:27017
2021-10-27 13:41:49.504  WARN 12216 --- [restartedMain] c.a.a.p.i.BasicProfileConfigLoader       : Your profile name includes a 'profile ' prefix. This is considered part of the profile name in the Java SDK, so you will need to include this prefix in your profile name when you reference this profile from your Java code.
2021-10-27 13:41:51.510  INFO 12216 --- [restartedMain] o.s.s.web.DefaultSecurityFilterChain     : Will secure any request with [org.springframework.security.web.context.request.async.WebAsyncManagerIntegrationFilter@3c888c2d, org.springframework.security.web.context.SecurityContextPersistenceFilter@21f12107, org.springframework.security.web.header.HeaderWriterFilter@652fbd8a, org.springframework.security.web.authentication.logout.LogoutFilter@31f4d0f5, com.zuhaib.examPortalUserService.config.JwtAuthenticationFilter@2bff92eb, org.springframework.security.web.savedrequest.RequestCacheAwareFilter@2fb492be, org.springframework.security.web.servletapi.SecurityContextHolderAwareRequestFilter@7008011e, org.springframework.security.web.authentication.AnonymousAuthenticationFilter@48fb76e1, org.springframework.security.web.session.SessionManagementFilter@2b3fcd30, org.springframework.security.web.access.ExceptionTranslationFilter@42e85053, org.springframework.security.web.access.intercept.FilterSecurityInterceptor@4e78c85a]
2021-10-27 13:41:55.461  INFO 12216 --- [restartedMain] DiscoveryClientOptionalArgsConfiguration : Eureka HTTP Client uses RestTemplate.
2021-10-27 13:41:55.873  WARN 12216 --- [restartedMain] iguration$LoadBalancerCaffeineWarnLogger : Spring Cloud LoadBalancer is currently working with the default cache. You can switch to using Caffeine cache, by adding it and org.springframework.cache.caffeine.CaffeineCacheManager to the classpath.
2021-10-27 13:41:55.985  INFO 12216 --- [restartedMain] o.s.b.w.embedded.tomcat.TomcatWebServer  : Tomcat started on port(s): 61681 (http) with context path ''
2021-10-27 13:41:55.987  INFO 12216 --- [restartedMain] .s.c.n.e.s.EurekaAutoServiceRegistration : Updating port to 61681
2021-10-27 13:41:55.997  INFO 12216 --- [restartedMain] o.s.c.n.eureka.InstanceInfoFactory       : Setting initial instance status as: STARTING
2021-10-27 13:41:56.069  INFO 12216 --- [restartedMain] com.netflix.discovery.DiscoveryClient    : Initializing Eureka in region us-east-1
2021-10-27 13:41:56.076  INFO 12216 --- [restartedMain] c.n.d.s.r.aws.ConfigClusterResolver      : Resolving eureka endpoints via configuration
2021-10-27 13:41:56.104  INFO 12216 --- [restartedMain] com.netflix.discovery.DiscoveryClient    : Disable delta property : false
2021-10-27 13:41:56.105  INFO 12216 --- [restartedMain] com.netflix.discovery.DiscoveryClient    : Single vip registry refresh property : null
2021-10-27 13:41:56.105  INFO 12216 --- [restartedMain] com.netflix.discovery.DiscoveryClient    : Force full registry fetch : false
2021-10-27 13:41:56.105  INFO 12216 --- [restartedMain] com.netflix.discovery.DiscoveryClient    : Application is null : false
2021-10-27 13:41:56.105  INFO 12216 --- [restartedMain] com.netflix.discovery.DiscoveryClient    : Registered Applications size is zero : true
2021-10-27 13:41:56.105  INFO 12216 --- [restartedMain] com.netflix.discovery.DiscoveryClient    : Application version is -1: true
2021-10-27 13:41:56.105  INFO 12216 --- [restartedMain] com.netflix.discovery.DiscoveryClient    : Getting all instance registry info from the eureka server
2021-10-27 13:41:56.422  INFO 12216 --- [restartedMain] com.netflix.discovery.DiscoveryClient    : The response status is 200
2021-10-27 13:41:56.425  INFO 12216 --- [restartedMain] com.netflix.discovery.DiscoveryClient    : Starting heartbeat executor: renew interval is: 30
2021-10-27 13:41:56.428  INFO 12216 --- [restartedMain] c.n.discovery.InstanceInfoReplicator     : InstanceInfoReplicator onDemand update allowed rate per min is 4
2021-10-27 13:41:56.436  INFO 12216 --- [restartedMain] com.netflix.discovery.DiscoveryClient    : Discovery Client initialized at timestamp 1635322316434 with initial instances count: 1
2021-10-27 13:41:56.440  INFO 12216 --- [restartedMain] o.s.c.n.e.s.EurekaServiceRegistry        : Registering application USER-SERVICE with eureka with status UP
2021-10-27 13:41:56.441  INFO 12216 --- [restartedMain] com.netflix.discovery.DiscoveryClient    : Saw local status change event StatusChangeEvent [timestamp=1635322316441, current=UP, previous=STARTING]
2021-10-27 13:41:56.444  INFO 12216 --- [DiscoveryClient-InstanceInfoReplicator-0] com.netflix.discovery.DiscoveryClient    : DiscoveryClient_USER-SERVICE/LAPTOP-BUCD2FCU:user-service:0: registering service...
2021-10-27 13:41:56.603  INFO 12216 --- [DiscoveryClient-InstanceInfoReplicator-0] com.netflix.discovery.DiscoveryClient    : DiscoveryClient_USER-SERVICE/LAPTOP-BUCD2FCU:user-service:0 - registration status: 204
2021-10-27 13:41:56.682  INFO 12216 --- [restartedMain] c.z.e.ExamPortalUserServiceApplicationKt : Started ExamPortalUserServiceApplicationKt in 33.017 seconds (JVM running for 46.604)
